49:15|AUTO_MAP:		{/echo=EchoCmd, /logger/list=LoggerCmd.list, /logger/status=LoggerCmd.status, /logger/setLevel=LoggerCmd.setLevel, /logger/listAll=LoggerCmd.listAll, /logger/statusHtml=LoggerCmd.statusHtml, /setting/config=SettingCmd.config, /setting/cmds=SettingCmd.cmds, /setting/robots=SettingCmd.robots, /setting/configHistory=SettingCmd.configHistory, /setting/httpServerConfig=SettingCmd.httpServerConfig, /setting/reloadConfig=SettingCmd.reloadConfig, /setting/reloadCmdConfig=SettingCmd.reloadCmdConfig, /setting/reloadIpfilter=SettingCmd.reloadIpfilter, /setting/activeIpfilter=SettingCmd.activeIpfilter, /setting/resetGuardedConfig=SettingCmd.resetGuardedConfig, /setting/resetStat=SettingCmd.resetStat, /setting/setConfig=SettingCmd.setConfig, /shell=ShellCmd, /shutdown=ShutdownCmd, /stat/threads=StatCmd.threads, /stat/nioworkers=StatCmd.nioworkers, /stat/nioworkersAll=StatCmd.nioworkersAll, /stat/tps=StatCmd.tps, /stat=StatCmd, /admin/load=AdminCmd.load, /wifiCount=WifiCountCmd, /wifiRequest=WifiRequestCmd}
49:15|AUTO_EXPAND_MAP:	{/logger=LoggerCmd, /setting=SettingCmd, /admin=AdminCmd}
49:15|ANNOTATION_MAP:		{/wificount=WifiCountCmd, /wifirequest=WifiRequestCmd, /robots.txt=SettingCmd.robots, /reload=AdminCmd.load}
49:15|Can't find bundle for base name cmdmapper, locale en
49:15|CONFIG_MAP:		{}
49:15|CurrentPipelineMap[4]:{decoder=com.xunlei.netty.httpserver.component.XLHttpRequestDecoder@306cf3ea, encoder=com.xunlei.netty.httpserver.component.XLHttpResponseEncoder@2beee7ff, executor=org.jboss.netty.handler.execution.ExecutionHandler@5136d012, pageDispatcher=com.xunlei.netty.httpserver.component.CmdMapperDispatcher@5939a379}
49:15|HTTPServer(port[9090],workerCount[8]) Start OK.[2932MS]
49:20|serverError     :WifiRequestCmd-6b956a85/0:0:0:0:0:0:0:1:58534
java.lang.NullPointerException: null
	at com.jyy.cmd.WifiRequestCmd.process(WifiRequestCmd.java:58) ~[classes/:na]
	at sun.reflect.NativeMethodAccessorImpl.invoke0(Native Method) ~[na:1.8.0_31]
	at sun.reflect.NativeMethodAccessorImpl.invoke(NativeMethodAccessorImpl.java:62) ~[na:1.8.0_31]
	at sun.reflect.DelegatingMethodAccessorImpl.invoke(DelegatingMethodAccessorImpl.java:43) ~[na:1.8.0_31]
	at java.lang.reflect.Method.invoke(Method.java:483) ~[na:1.8.0_31]
	at com.xunlei.netty.httpserver.component.CmdMapperDispatcher._dispatch(CmdMapperDispatcher.java:60) ~[xl-netty-httpserver.jar:na]
	at com.xunlei.netty.httpserver.component.CmdMapperDispatcher.dispatch(CmdMapperDispatcher.java:71) ~[xl-netty-httpserver.jar:na]
	at com.xunlei.netty.httpserver.component.BasePageDispatcher.messageReceived(BasePageDispatcher.java:133) [xl-netty-httpserver.jar:na]
	at org.jboss.netty.channel.SimpleChannelUpstreamHandler.handleUpstream(SimpleChannelUpstreamHandler.java:80) [netty-3.2.10.Final.jar:3.2.10.Final]
	at org.jboss.netty.channel.DefaultChannelPipeline.sendUpstream(DefaultChannelPipeline.java:564) [netty-3.2.10.Final.jar:3.2.10.Final]
	at org.jboss.netty.channel.DefaultChannelPipeline$DefaultChannelHandlerContext.sendUpstream(DefaultChannelPipeline.java:783) [netty-3.2.10.Final.jar:3.2.10.Final]
	at org.jboss.netty.handler.execution.ChannelEventRunnable.run(ChannelEventRunnable.java:69) [netty-3.2.10.Final.jar:3.2.10.Final]
	at org.jboss.netty.handler.execution.OrderedMemoryAwareThreadPoolExecutor$ChildExecutor.run(OrderedMemoryAwareThreadPoolExecutor.java:316) [netty-3.2.10.Final.jar:3.2.10.Final]
	at java.util.concurrent.ThreadPoolExecutor.runWorker(ThreadPoolExecutor.java:1142) [na:1.8.0_31]
	at java.util.concurrent.ThreadPoolExecutor$Worker.run(ThreadPoolExecutor.java:617) [na:1.8.0_31]
	at java.lang.Thread.run(Thread.java:745) [na:1.8.0_31]
49:21|serverError     :WifiRequestCmd-23f20c8b/0:0:0:0:0:0:0:1:58534
java.lang.NullPointerException: null
	at com.jyy.cmd.WifiRequestCmd.process(WifiRequestCmd.java:58) ~[classes/:na]
	at sun.reflect.NativeMethodAccessorImpl.invoke0(Native Method) ~[na:1.8.0_31]
	at sun.reflect.NativeMethodAccessorImpl.invoke(NativeMethodAccessorImpl.java:62) ~[na:1.8.0_31]
	at sun.reflect.DelegatingMethodAccessorImpl.invoke(DelegatingMethodAccessorImpl.java:43) ~[na:1.8.0_31]
	at java.lang.reflect.Method.invoke(Method.java:483) ~[na:1.8.0_31]
	at com.xunlei.netty.httpserver.component.CmdMapperDispatcher._dispatch(CmdMapperDispatcher.java:60) ~[xl-netty-httpserver.jar:na]
	at com.xunlei.netty.httpserver.component.CmdMapperDispatcher.dispatch(CmdMapperDispatcher.java:71) ~[xl-netty-httpserver.jar:na]
	at com.xunlei.netty.httpserver.component.BasePageDispatcher.messageReceived(BasePageDispatcher.java:133) [xl-netty-httpserver.jar:na]
	at org.jboss.netty.channel.SimpleChannelUpstreamHandler.handleUpstream(SimpleChannelUpstreamHandler.java:80) [netty-3.2.10.Final.jar:3.2.10.Final]
	at org.jboss.netty.channel.DefaultChannelPipeline.sendUpstream(DefaultChannelPipeline.java:564) [netty-3.2.10.Final.jar:3.2.10.Final]
	at org.jboss.netty.channel.DefaultChannelPipeline$DefaultChannelHandlerContext.sendUpstream(DefaultChannelPipeline.java:783) [netty-3.2.10.Final.jar:3.2.10.Final]
	at org.jboss.netty.handler.execution.ChannelEventRunnable.run(ChannelEventRunnable.java:69) [netty-3.2.10.Final.jar:3.2.10.Final]
	at org.jboss.netty.handler.execution.OrderedMemoryAwareThreadPoolExecutor$ChildExecutor.run(OrderedMemoryAwareThreadPoolExecutor.java:316) [netty-3.2.10.Final.jar:3.2.10.Final]
	at java.util.concurrent.ThreadPoolExecutor.runWorker(ThreadPoolExecutor.java:1142) [na:1.8.0_31]
	at java.util.concurrent.ThreadPoolExecutor$Worker.run(ThreadPoolExecutor.java:617) [na:1.8.0_31]
	at java.lang.Thread.run(Thread.java:745) [na:1.8.0_31]
49:22|serverError     :WifiRequestCmd-1c501035/0:0:0:0:0:0:0:1:58534
java.lang.NullPointerException: null
	at com.jyy.cmd.WifiRequestCmd.process(WifiRequestCmd.java:58) ~[classes/:na]
	at sun.reflect.NativeMethodAccessorImpl.invoke0(Native Method) ~[na:1.8.0_31]
	at sun.reflect.NativeMethodAccessorImpl.invoke(NativeMethodAccessorImpl.java:62) ~[na:1.8.0_31]
	at sun.reflect.DelegatingMethodAccessorImpl.invoke(DelegatingMethodAccessorImpl.java:43) ~[na:1.8.0_31]
	at java.lang.reflect.Method.invoke(Method.java:483) ~[na:1.8.0_31]
	at com.xunlei.netty.httpserver.component.CmdMapperDispatcher._dispatch(CmdMapperDispatcher.java:60) ~[xl-netty-httpserver.jar:na]
	at com.xunlei.netty.httpserver.component.CmdMapperDispatcher.dispatch(CmdMapperDispatcher.java:71) ~[xl-netty-httpserver.jar:na]
	at com.xunlei.netty.httpserver.component.BasePageDispatcher.messageReceived(BasePageDispatcher.java:133) [xl-netty-httpserver.jar:na]
	at org.jboss.netty.channel.SimpleChannelUpstreamHandler.handleUpstream(SimpleChannelUpstreamHandler.java:80) [netty-3.2.10.Final.jar:3.2.10.Final]
	at org.jboss.netty.channel.DefaultChannelPipeline.sendUpstream(DefaultChannelPipeline.java:564) [netty-3.2.10.Final.jar:3.2.10.Final]
	at org.jboss.netty.channel.DefaultChannelPipeline$DefaultChannelHandlerContext.sendUpstream(DefaultChannelPipeline.java:783) [netty-3.2.10.Final.jar:3.2.10.Final]
	at org.jboss.netty.handler.execution.ChannelEventRunnable.run(ChannelEventRunnable.java:69) [netty-3.2.10.Final.jar:3.2.10.Final]
	at org.jboss.netty.handler.execution.OrderedMemoryAwareThreadPoolExecutor$ChildExecutor.run(OrderedMemoryAwareThreadPoolExecutor.java:316) [netty-3.2.10.Final.jar:3.2.10.Final]
	at java.util.concurrent.ThreadPoolExecutor.runWorker(ThreadPoolExecutor.java:1142) [na:1.8.0_31]
	at java.util.concurrent.ThreadPoolExecutor$Worker.run(ThreadPoolExecutor.java:617) [na:1.8.0_31]
	at java.lang.Thread.run(Thread.java:745) [na:1.8.0_31]
49:22|serverError     :WifiRequestCmd-3e806b2f/0:0:0:0:0:0:0:1:58534
java.lang.NullPointerException: null
	at com.jyy.cmd.WifiRequestCmd.process(WifiRequestCmd.java:58) ~[classes/:na]
	at sun.reflect.NativeMethodAccessorImpl.invoke0(Native Method) ~[na:1.8.0_31]
	at sun.reflect.NativeMethodAccessorImpl.invoke(NativeMethodAccessorImpl.java:62) ~[na:1.8.0_31]
	at sun.reflect.DelegatingMethodAccessorImpl.invoke(DelegatingMethodAccessorImpl.java:43) ~[na:1.8.0_31]
	at java.lang.reflect.Method.invoke(Method.java:483) ~[na:1.8.0_31]
	at com.xunlei.netty.httpserver.component.CmdMapperDispatcher._dispatch(CmdMapperDispatcher.java:60) ~[xl-netty-httpserver.jar:na]
	at com.xunlei.netty.httpserver.component.CmdMapperDispatcher.dispatch(CmdMapperDispatcher.java:71) ~[xl-netty-httpserver.jar:na]
	at com.xunlei.netty.httpserver.component.BasePageDispatcher.messageReceived(BasePageDispatcher.java:133) [xl-netty-httpserver.jar:na]
	at org.jboss.netty.channel.SimpleChannelUpstreamHandler.handleUpstream(SimpleChannelUpstreamHandler.java:80) [netty-3.2.10.Final.jar:3.2.10.Final]
	at org.jboss.netty.channel.DefaultChannelPipeline.sendUpstream(DefaultChannelPipeline.java:564) [netty-3.2.10.Final.jar:3.2.10.Final]
	at org.jboss.netty.channel.DefaultChannelPipeline$DefaultChannelHandlerContext.sendUpstream(DefaultChannelPipeline.java:783) [netty-3.2.10.Final.jar:3.2.10.Final]
	at org.jboss.netty.handler.execution.ChannelEventRunnable.run(ChannelEventRunnable.java:69) [netty-3.2.10.Final.jar:3.2.10.Final]
	at org.jboss.netty.handler.execution.OrderedMemoryAwareThreadPoolExecutor$ChildExecutor.run(OrderedMemoryAwareThreadPoolExecutor.java:316) [netty-3.2.10.Final.jar:3.2.10.Final]
	at java.util.concurrent.ThreadPoolExecutor.runWorker(ThreadPoolExecutor.java:1142) [na:1.8.0_31]
	at java.util.concurrent.ThreadPoolExecutor$Worker.run(ThreadPoolExecutor.java:617) [na:1.8.0_31]
	at java.lang.Thread.run(Thread.java:745) [na:1.8.0_31]
49:23|serverError     :WifiRequestCmd-5bc1eb47/0:0:0:0:0:0:0:1:58534
java.lang.NullPointerException: null
	at com.jyy.cmd.WifiRequestCmd.process(WifiRequestCmd.java:58) ~[classes/:na]
	at sun.reflect.NativeMethodAccessorImpl.invoke0(Native Method) ~[na:1.8.0_31]
	at sun.reflect.NativeMethodAccessorImpl.invoke(NativeMethodAccessorImpl.java:62) ~[na:1.8.0_31]
	at sun.reflect.DelegatingMethodAccessorImpl.invoke(DelegatingMethodAccessorImpl.java:43) ~[na:1.8.0_31]
	at java.lang.reflect.Method.invoke(Method.java:483) ~[na:1.8.0_31]
	at com.xunlei.netty.httpserver.component.CmdMapperDispatcher._dispatch(CmdMapperDispatcher.java:60) ~[xl-netty-httpserver.jar:na]
	at com.xunlei.netty.httpserver.component.CmdMapperDispatcher.dispatch(CmdMapperDispatcher.java:71) ~[xl-netty-httpserver.jar:na]
	at com.xunlei.netty.httpserver.component.BasePageDispatcher.messageReceived(BasePageDispatcher.java:133) [xl-netty-httpserver.jar:na]
	at org.jboss.netty.channel.SimpleChannelUpstreamHandler.handleUpstream(SimpleChannelUpstreamHandler.java:80) [netty-3.2.10.Final.jar:3.2.10.Final]
	at org.jboss.netty.channel.DefaultChannelPipeline.sendUpstream(DefaultChannelPipeline.java:564) [netty-3.2.10.Final.jar:3.2.10.Final]
	at org.jboss.netty.channel.DefaultChannelPipeline$DefaultChannelHandlerContext.sendUpstream(DefaultChannelPipeline.java:783) [netty-3.2.10.Final.jar:3.2.10.Final]
	at org.jboss.netty.handler.execution.ChannelEventRunnable.run(ChannelEventRunnable.java:69) [netty-3.2.10.Final.jar:3.2.10.Final]
	at org.jboss.netty.handler.execution.OrderedMemoryAwareThreadPoolExecutor$ChildExecutor.run(OrderedMemoryAwareThreadPoolExecutor.java:316) [netty-3.2.10.Final.jar:3.2.10.Final]
	at java.util.concurrent.ThreadPoolExecutor.runWorker(ThreadPoolExecutor.java:1142) [na:1.8.0_31]
	at java.util.concurrent.ThreadPoolExecutor$Worker.run(ThreadPoolExecutor.java:617) [na:1.8.0_31]
	at java.lang.Thread.run(Thread.java:745) [na:1.8.0_31]
49:24|serverError     :WifiRequestCmd-4d52fba2/0:0:0:0:0:0:0:1:58534
java.lang.NullPointerException: null
	at com.jyy.cmd.WifiRequestCmd.process(WifiRequestCmd.java:58) ~[classes/:na]
	at sun.reflect.NativeMethodAccessorImpl.invoke0(Native Method) ~[na:1.8.0_31]
	at sun.reflect.NativeMethodAccessorImpl.invoke(NativeMethodAccessorImpl.java:62) ~[na:1.8.0_31]
	at sun.reflect.DelegatingMethodAccessorImpl.invoke(DelegatingMethodAccessorImpl.java:43) ~[na:1.8.0_31]
	at java.lang.reflect.Method.invoke(Method.java:483) ~[na:1.8.0_31]
	at com.xunlei.netty.httpserver.component.CmdMapperDispatcher._dispatch(CmdMapperDispatcher.java:60) ~[xl-netty-httpserver.jar:na]
	at com.xunlei.netty.httpserver.component.CmdMapperDispatcher.dispatch(CmdMapperDispatcher.java:71) ~[xl-netty-httpserver.jar:na]
	at com.xunlei.netty.httpserver.component.BasePageDispatcher.messageReceived(BasePageDispatcher.java:133) [xl-netty-httpserver.jar:na]
	at org.jboss.netty.channel.SimpleChannelUpstreamHandler.handleUpstream(SimpleChannelUpstreamHandler.java:80) [netty-3.2.10.Final.jar:3.2.10.Final]
	at org.jboss.netty.channel.DefaultChannelPipeline.sendUpstream(DefaultChannelPipeline.java:564) [netty-3.2.10.Final.jar:3.2.10.Final]
	at org.jboss.netty.channel.DefaultChannelPipeline$DefaultChannelHandlerContext.sendUpstream(DefaultChannelPipeline.java:783) [netty-3.2.10.Final.jar:3.2.10.Final]
	at org.jboss.netty.handler.execution.ChannelEventRunnable.run(ChannelEventRunnable.java:69) [netty-3.2.10.Final.jar:3.2.10.Final]
	at org.jboss.netty.handler.execution.OrderedMemoryAwareThreadPoolExecutor$ChildExecutor.run(OrderedMemoryAwareThreadPoolExecutor.java:316) [netty-3.2.10.Final.jar:3.2.10.Final]
	at java.util.concurrent.ThreadPoolExecutor.runWorker(ThreadPoolExecutor.java:1142) [na:1.8.0_31]
	at java.util.concurrent.ThreadPoolExecutor$Worker.run(ThreadPoolExecutor.java:617) [na:1.8.0_31]
	at java.lang.Thread.run(Thread.java:745) [na:1.8.0_31]
49:24|serverError     :WifiRequestCmd-773b5d8e/0:0:0:0:0:0:0:1:58534
java.lang.NullPointerException: null
	at com.jyy.cmd.WifiRequestCmd.process(WifiRequestCmd.java:58) ~[classes/:na]
	at sun.reflect.NativeMethodAccessorImpl.invoke0(Native Method) ~[na:1.8.0_31]
	at sun.reflect.NativeMethodAccessorImpl.invoke(NativeMethodAccessorImpl.java:62) ~[na:1.8.0_31]
	at sun.reflect.DelegatingMethodAccessorImpl.invoke(DelegatingMethodAccessorImpl.java:43) ~[na:1.8.0_31]
	at java.lang.reflect.Method.invoke(Method.java:483) ~[na:1.8.0_31]
	at com.xunlei.netty.httpserver.component.CmdMapperDispatcher._dispatch(CmdMapperDispatcher.java:60) ~[xl-netty-httpserver.jar:na]
	at com.xunlei.netty.httpserver.component.CmdMapperDispatcher.dispatch(CmdMapperDispatcher.java:71) ~[xl-netty-httpserver.jar:na]
	at com.xunlei.netty.httpserver.component.BasePageDispatcher.messageReceived(BasePageDispatcher.java:133) [xl-netty-httpserver.jar:na]
	at org.jboss.netty.channel.SimpleChannelUpstreamHandler.handleUpstream(SimpleChannelUpstreamHandler.java:80) [netty-3.2.10.Final.jar:3.2.10.Final]
	at org.jboss.netty.channel.DefaultChannelPipeline.sendUpstream(DefaultChannelPipeline.java:564) [netty-3.2.10.Final.jar:3.2.10.Final]
	at org.jboss.netty.channel.DefaultChannelPipeline$DefaultChannelHandlerContext.sendUpstream(DefaultChannelPipeline.java:783) [netty-3.2.10.Final.jar:3.2.10.Final]
	at org.jboss.netty.handler.execution.ChannelEventRunnable.run(ChannelEventRunnable.java:69) [netty-3.2.10.Final.jar:3.2.10.Final]
	at org.jboss.netty.handler.execution.OrderedMemoryAwareThreadPoolExecutor$ChildExecutor.run(OrderedMemoryAwareThreadPoolExecutor.java:316) [netty-3.2.10.Final.jar:3.2.10.Final]
	at java.util.concurrent.ThreadPoolExecutor.runWorker(ThreadPoolExecutor.java:1142) [na:1.8.0_31]
	at java.util.concurrent.ThreadPoolExecutor$Worker.run(ThreadPoolExecutor.java:617) [na:1.8.0_31]
	at java.lang.Thread.run(Thread.java:745) [na:1.8.0_31]
49:31|serverError     :WifiRequestCmd-2284df44/0:0:0:0:0:0:0:1:58534
java.lang.NullPointerException: null
	at com.jyy.cmd.WifiRequestCmd.process(WifiRequestCmd.java:58) ~[classes/:na]
	at sun.reflect.NativeMethodAccessorImpl.invoke0(Native Method) ~[na:1.8.0_31]
	at sun.reflect.NativeMethodAccessorImpl.invoke(NativeMethodAccessorImpl.java:62) ~[na:1.8.0_31]
	at sun.reflect.DelegatingMethodAccessorImpl.invoke(DelegatingMethodAccessorImpl.java:43) ~[na:1.8.0_31]
	at java.lang.reflect.Method.invoke(Method.java:483) ~[na:1.8.0_31]
	at com.xunlei.netty.httpserver.component.CmdMapperDispatcher._dispatch(CmdMapperDispatcher.java:60) ~[xl-netty-httpserver.jar:na]
	at com.xunlei.netty.httpserver.component.CmdMapperDispatcher.dispatch(CmdMapperDispatcher.java:71) ~[xl-netty-httpserver.jar:na]
	at com.xunlei.netty.httpserver.component.BasePageDispatcher.messageReceived(BasePageDispatcher.java:133) [xl-netty-httpserver.jar:na]
	at org.jboss.netty.channel.SimpleChannelUpstreamHandler.handleUpstream(SimpleChannelUpstreamHandler.java:80) [netty-3.2.10.Final.jar:3.2.10.Final]
	at org.jboss.netty.channel.DefaultChannelPipeline.sendUpstream(DefaultChannelPipeline.java:564) [netty-3.2.10.Final.jar:3.2.10.Final]
	at org.jboss.netty.channel.DefaultChannelPipeline$DefaultChannelHandlerContext.sendUpstream(DefaultChannelPipeline.java:783) [netty-3.2.10.Final.jar:3.2.10.Final]
	at org.jboss.netty.handler.execution.ChannelEventRunnable.run(ChannelEventRunnable.java:69) [netty-3.2.10.Final.jar:3.2.10.Final]
	at org.jboss.netty.handler.execution.OrderedMemoryAwareThreadPoolExecutor$ChildExecutor.run(OrderedMemoryAwareThreadPoolExecutor.java:316) [netty-3.2.10.Final.jar:3.2.10.Final]
	at java.util.concurrent.ThreadPoolExecutor.runWorker(ThreadPoolExecutor.java:1142) [na:1.8.0_31]
	at java.util.concurrent.ThreadPoolExecutor$Worker.run(ThreadPoolExecutor.java:617) [na:1.8.0_31]
	at java.lang.Thread.run(Thread.java:745) [na:1.8.0_31]
49:31|serverError     :WifiRequestCmd-7423cf6c/0:0:0:0:0:0:0:1:58534
java.lang.NullPointerException: null
	at com.jyy.cmd.WifiRequestCmd.process(WifiRequestCmd.java:58) ~[classes/:na]
	at sun.reflect.NativeMethodAccessorImpl.invoke0(Native Method) ~[na:1.8.0_31]
	at sun.reflect.NativeMethodAccessorImpl.invoke(NativeMethodAccessorImpl.java:62) ~[na:1.8.0_31]
	at sun.reflect.DelegatingMethodAccessorImpl.invoke(DelegatingMethodAccessorImpl.java:43) ~[na:1.8.0_31]
	at java.lang.reflect.Method.invoke(Method.java:483) ~[na:1.8.0_31]
	at com.xunlei.netty.httpserver.component.CmdMapperDispatcher._dispatch(CmdMapperDispatcher.java:60) ~[xl-netty-httpserver.jar:na]
	at com.xunlei.netty.httpserver.component.CmdMapperDispatcher.dispatch(CmdMapperDispatcher.java:71) ~[xl-netty-httpserver.jar:na]
	at com.xunlei.netty.httpserver.component.BasePageDispatcher.messageReceived(BasePageDispatcher.java:133) [xl-netty-httpserver.jar:na]
	at org.jboss.netty.channel.SimpleChannelUpstreamHandler.handleUpstream(SimpleChannelUpstreamHandler.java:80) [netty-3.2.10.Final.jar:3.2.10.Final]
	at org.jboss.netty.channel.DefaultChannelPipeline.sendUpstream(DefaultChannelPipeline.java:564) [netty-3.2.10.Final.jar:3.2.10.Final]
	at org.jboss.netty.channel.DefaultChannelPipeline$DefaultChannelHandlerContext.sendUpstream(DefaultChannelPipeline.java:783) [netty-3.2.10.Final.jar:3.2.10.Final]
	at org.jboss.netty.handler.execution.ChannelEventRunnable.run(ChannelEventRunnable.java:69) [netty-3.2.10.Final.jar:3.2.10.Final]
	at org.jboss.netty.handler.execution.OrderedMemoryAwareThreadPoolExecutor$ChildExecutor.run(OrderedMemoryAwareThreadPoolExecutor.java:316) [netty-3.2.10.Final.jar:3.2.10.Final]
	at java.util.concurrent.ThreadPoolExecutor.runWorker(ThreadPoolExecutor.java:1142) [na:1.8.0_31]
	at java.util.concurrent.ThreadPoolExecutor$Worker.run(ThreadPoolExecutor.java:617) [na:1.8.0_31]
	at java.lang.Thread.run(Thread.java:745) [na:1.8.0_31]
49:48|serverError     :WifiRequestCmd-70880108/0:0:0:0:0:0:0:1:58534
java.lang.NullPointerException: null
	at com.jyy.cmd.WifiRequestCmd.process(WifiRequestCmd.java:58) ~[classes/:na]
	at sun.reflect.NativeMethodAccessorImpl.invoke0(Native Method) ~[na:1.8.0_31]
	at sun.reflect.NativeMethodAccessorImpl.invoke(NativeMethodAccessorImpl.java:62) ~[na:1.8.0_31]
	at sun.reflect.DelegatingMethodAccessorImpl.invoke(DelegatingMethodAccessorImpl.java:43) ~[na:1.8.0_31]
	at java.lang.reflect.Method.invoke(Method.java:483) ~[na:1.8.0_31]
	at com.xunlei.netty.httpserver.component.CmdMapperDispatcher._dispatch(CmdMapperDispatcher.java:60) ~[xl-netty-httpserver.jar:na]
	at com.xunlei.netty.httpserver.component.CmdMapperDispatcher.dispatch(CmdMapperDispatcher.java:71) ~[xl-netty-httpserver.jar:na]
	at com.xunlei.netty.httpserver.component.BasePageDispatcher.messageReceived(BasePageDispatcher.java:133) [xl-netty-httpserver.jar:na]
	at org.jboss.netty.channel.SimpleChannelUpstreamHandler.handleUpstream(SimpleChannelUpstreamHandler.java:80) [netty-3.2.10.Final.jar:3.2.10.Final]
	at org.jboss.netty.channel.DefaultChannelPipeline.sendUpstream(DefaultChannelPipeline.java:564) [netty-3.2.10.Final.jar:3.2.10.Final]
	at org.jboss.netty.channel.DefaultChannelPipeline$DefaultChannelHandlerContext.sendUpstream(DefaultChannelPipeline.java:783) [netty-3.2.10.Final.jar:3.2.10.Final]
	at org.jboss.netty.handler.execution.ChannelEventRunnable.run(ChannelEventRunnable.java:69) [netty-3.2.10.Final.jar:3.2.10.Final]
	at org.jboss.netty.handler.execution.OrderedMemoryAwareThreadPoolExecutor$ChildExecutor.run(OrderedMemoryAwareThreadPoolExecutor.java:316) [netty-3.2.10.Final.jar:3.2.10.Final]
	at java.util.concurrent.ThreadPoolExecutor.runWorker(ThreadPoolExecutor.java:1142) [na:1.8.0_31]
	at java.util.concurrent.ThreadPoolExecutor$Worker.run(ThreadPoolExecutor.java:617) [na:1.8.0_31]
	at java.lang.Thread.run(Thread.java:745) [na:1.8.0_31]
50:19|serverError     :WifiRequestCmd-2a9758c2/0:0:0:0:0:0:0:1:58534
java.lang.NullPointerException: null
	at com.jyy.cmd.WifiRequestCmd.process(WifiRequestCmd.java:58) ~[classes/:na]
	at sun.reflect.NativeMethodAccessorImpl.invoke0(Native Method) ~[na:1.8.0_31]
	at sun.reflect.NativeMethodAccessorImpl.invoke(NativeMethodAccessorImpl.java:62) ~[na:1.8.0_31]
	at sun.reflect.DelegatingMethodAccessorImpl.invoke(DelegatingMethodAccessorImpl.java:43) ~[na:1.8.0_31]
	at java.lang.reflect.Method.invoke(Method.java:483) ~[na:1.8.0_31]
	at com.xunlei.netty.httpserver.component.CmdMapperDispatcher._dispatch(CmdMapperDispatcher.java:60) ~[xl-netty-httpserver.jar:na]
	at com.xunlei.netty.httpserver.component.CmdMapperDispatcher.dispatch(CmdMapperDispatcher.java:71) ~[xl-netty-httpserver.jar:na]
	at com.xunlei.netty.httpserver.component.BasePageDispatcher.messageReceived(BasePageDispatcher.java:133) [xl-netty-httpserver.jar:na]
	at org.jboss.netty.channel.SimpleChannelUpstreamHandler.handleUpstream(SimpleChannelUpstreamHandler.java:80) [netty-3.2.10.Final.jar:3.2.10.Final]
	at org.jboss.netty.channel.DefaultChannelPipeline.sendUpstream(DefaultChannelPipeline.java:564) [netty-3.2.10.Final.jar:3.2.10.Final]
	at org.jboss.netty.channel.DefaultChannelPipeline$DefaultChannelHandlerContext.sendUpstream(DefaultChannelPipeline.java:783) [netty-3.2.10.Final.jar:3.2.10.Final]
	at org.jboss.netty.handler.execution.ChannelEventRunnable.run(ChannelEventRunnable.java:69) [netty-3.2.10.Final.jar:3.2.10.Final]
	at org.jboss.netty.handler.execution.OrderedMemoryAwareThreadPoolExecutor$ChildExecutor.run(OrderedMemoryAwareThreadPoolExecutor.java:316) [netty-3.2.10.Final.jar:3.2.10.Final]
	at java.util.concurrent.ThreadPoolExecutor.runWorker(ThreadPoolExecutor.java:1142) [na:1.8.0_31]
	at java.util.concurrent.ThreadPoolExecutor$Worker.run(ThreadPoolExecutor.java:617) [na:1.8.0_31]
	at java.lang.Thread.run(Thread.java:745) [na:1.8.0_31]
50:20|serverError     :WifiRequestCmd-3240f4ca/0:0:0:0:0:0:0:1:58534
java.lang.NullPointerException: null
	at com.jyy.cmd.WifiRequestCmd.process(WifiRequestCmd.java:58) ~[classes/:na]
	at sun.reflect.NativeMethodAccessorImpl.invoke0(Native Method) ~[na:1.8.0_31]
	at sun.reflect.NativeMethodAccessorImpl.invoke(NativeMethodAccessorImpl.java:62) ~[na:1.8.0_31]
	at sun.reflect.DelegatingMethodAccessorImpl.invoke(DelegatingMethodAccessorImpl.java:43) ~[na:1.8.0_31]
	at java.lang.reflect.Method.invoke(Method.java:483) ~[na:1.8.0_31]
	at com.xunlei.netty.httpserver.component.CmdMapperDispatcher._dispatch(CmdMapperDispatcher.java:60) ~[xl-netty-httpserver.jar:na]
	at com.xunlei.netty.httpserver.component.CmdMapperDispatcher.dispatch(CmdMapperDispatcher.java:71) ~[xl-netty-httpserver.jar:na]
	at com.xunlei.netty.httpserver.component.BasePageDispatcher.messageReceived(BasePageDispatcher.java:133) [xl-netty-httpserver.jar:na]
	at org.jboss.netty.channel.SimpleChannelUpstreamHandler.handleUpstream(SimpleChannelUpstreamHandler.java:80) [netty-3.2.10.Final.jar:3.2.10.Final]
	at org.jboss.netty.channel.DefaultChannelPipeline.sendUpstream(DefaultChannelPipeline.java:564) [netty-3.2.10.Final.jar:3.2.10.Final]
	at org.jboss.netty.channel.DefaultChannelPipeline$DefaultChannelHandlerContext.sendUpstream(DefaultChannelPipeline.java:783) [netty-3.2.10.Final.jar:3.2.10.Final]
	at org.jboss.netty.handler.execution.ChannelEventRunnable.run(ChannelEventRunnable.java:69) [netty-3.2.10.Final.jar:3.2.10.Final]
	at org.jboss.netty.handler.execution.OrderedMemoryAwareThreadPoolExecutor$ChildExecutor.run(OrderedMemoryAwareThreadPoolExecutor.java:316) [netty-3.2.10.Final.jar:3.2.10.Final]
	at java.util.concurrent.ThreadPoolExecutor.runWorker(ThreadPoolExecutor.java:1142) [na:1.8.0_31]
	at java.util.concurrent.ThreadPoolExecutor$Worker.run(ThreadPoolExecutor.java:617) [na:1.8.0_31]
	at java.lang.Thread.run(Thread.java:745) [na:1.8.0_31]
50:41|serverError     :WifiRequestCmd-536b9440/0:0:0:0:0:0:0:1:58534
java.lang.NullPointerException: null
	at com.jyy.cmd.WifiRequestCmd.process(WifiRequestCmd.java:58) ~[classes/:na]
	at sun.reflect.NativeMethodAccessorImpl.invoke0(Native Method) ~[na:1.8.0_31]
	at sun.reflect.NativeMethodAccessorImpl.invoke(NativeMethodAccessorImpl.java:62) ~[na:1.8.0_31]
	at sun.reflect.DelegatingMethodAccessorImpl.invoke(DelegatingMethodAccessorImpl.java:43) ~[na:1.8.0_31]
	at java.lang.reflect.Method.invoke(Method.java:483) ~[na:1.8.0_31]
	at com.xunlei.netty.httpserver.component.CmdMapperDispatcher._dispatch(CmdMapperDispatcher.java:60) ~[xl-netty-httpserver.jar:na]
	at com.xunlei.netty.httpserver.component.CmdMapperDispatcher.dispatch(CmdMapperDispatcher.java:71) ~[xl-netty-httpserver.jar:na]
	at com.xunlei.netty.httpserver.component.BasePageDispatcher.messageReceived(BasePageDispatcher.java:133) [xl-netty-httpserver.jar:na]
	at org.jboss.netty.channel.SimpleChannelUpstreamHandler.handleUpstream(SimpleChannelUpstreamHandler.java:80) [netty-3.2.10.Final.jar:3.2.10.Final]
	at org.jboss.netty.channel.DefaultChannelPipeline.sendUpstream(DefaultChannelPipeline.java:564) [netty-3.2.10.Final.jar:3.2.10.Final]
	at org.jboss.netty.channel.DefaultChannelPipeline$DefaultChannelHandlerContext.sendUpstream(DefaultChannelPipeline.java:783) [netty-3.2.10.Final.jar:3.2.10.Final]
	at org.jboss.netty.handler.execution.ChannelEventRunnable.run(ChannelEventRunnable.java:69) [netty-3.2.10.Final.jar:3.2.10.Final]
	at org.jboss.netty.handler.execution.OrderedMemoryAwareThreadPoolExecutor$ChildExecutor.run(OrderedMemoryAwareThreadPoolExecutor.java:316) [netty-3.2.10.Final.jar:3.2.10.Final]
	at java.util.concurrent.ThreadPoolExecutor.runWorker(ThreadPoolExecutor.java:1142) [na:1.8.0_31]
	at java.util.concurrent.ThreadPoolExecutor$Worker.run(ThreadPoolExecutor.java:617) [na:1.8.0_31]
	at java.lang.Thread.run(Thread.java:745) [na:1.8.0_31]
50:42|serverError     :WifiRequestCmd-47cc165e/0:0:0:0:0:0:0:1:58534
java.lang.NullPointerException: null
	at com.jyy.cmd.WifiRequestCmd.process(WifiRequestCmd.java:58) ~[classes/:na]
	at sun.reflect.NativeMethodAccessorImpl.invoke0(Native Method) ~[na:1.8.0_31]
	at sun.reflect.NativeMethodAccessorImpl.invoke(NativeMethodAccessorImpl.java:62) ~[na:1.8.0_31]
	at sun.reflect.DelegatingMethodAccessorImpl.invoke(DelegatingMethodAccessorImpl.java:43) ~[na:1.8.0_31]
	at java.lang.reflect.Method.invoke(Method.java:483) ~[na:1.8.0_31]
	at com.xunlei.netty.httpserver.component.CmdMapperDispatcher._dispatch(CmdMapperDispatcher.java:60) ~[xl-netty-httpserver.jar:na]
	at com.xunlei.netty.httpserver.component.CmdMapperDispatcher.dispatch(CmdMapperDispatcher.java:71) ~[xl-netty-httpserver.jar:na]
	at com.xunlei.netty.httpserver.component.BasePageDispatcher.messageReceived(BasePageDispatcher.java:133) [xl-netty-httpserver.jar:na]
	at org.jboss.netty.channel.SimpleChannelUpstreamHandler.handleUpstream(SimpleChannelUpstreamHandler.java:80) [netty-3.2.10.Final.jar:3.2.10.Final]
	at org.jboss.netty.channel.DefaultChannelPipeline.sendUpstream(DefaultChannelPipeline.java:564) [netty-3.2.10.Final.jar:3.2.10.Final]
	at org.jboss.netty.channel.DefaultChannelPipeline$DefaultChannelHandlerContext.sendUpstream(DefaultChannelPipeline.java:783) [netty-3.2.10.Final.jar:3.2.10.Final]
	at org.jboss.netty.handler.execution.ChannelEventRunnable.run(ChannelEventRunnable.java:69) [netty-3.2.10.Final.jar:3.2.10.Final]
	at org.jboss.netty.handler.execution.OrderedMemoryAwareThreadPoolExecutor$ChildExecutor.run(OrderedMemoryAwareThreadPoolExecutor.java:316) [netty-3.2.10.Final.jar:3.2.10.Final]
	at java.util.concurrent.ThreadPoolExecutor.runWorker(ThreadPoolExecutor.java:1142) [na:1.8.0_31]
	at java.util.concurrent.ThreadPoolExecutor$Worker.run(ThreadPoolExecutor.java:617) [na:1.8.0_31]
	at java.lang.Thread.run(Thread.java:745) [na:1.8.0_31]
50:42|serverError     :WifiRequestCmd-157580c0/0:0:0:0:0:0:0:1:58534
java.lang.NullPointerException: null
	at com.jyy.cmd.WifiRequestCmd.process(WifiRequestCmd.java:58) ~[classes/:na]
	at sun.reflect.NativeMethodAccessorImpl.invoke0(Native Method) ~[na:1.8.0_31]
	at sun.reflect.NativeMethodAccessorImpl.invoke(NativeMethodAccessorImpl.java:62) ~[na:1.8.0_31]
	at sun.reflect.DelegatingMethodAccessorImpl.invoke(DelegatingMethodAccessorImpl.java:43) ~[na:1.8.0_31]
	at java.lang.reflect.Method.invoke(Method.java:483) ~[na:1.8.0_31]
	at com.xunlei.netty.httpserver.component.CmdMapperDispatcher._dispatch(CmdMapperDispatcher.java:60) ~[xl-netty-httpserver.jar:na]
	at com.xunlei.netty.httpserver.component.CmdMapperDispatcher.dispatch(CmdMapperDispatcher.java:71) ~[xl-netty-httpserver.jar:na]
	at com.xunlei.netty.httpserver.component.BasePageDispatcher.messageReceived(BasePageDispatcher.java:133) [xl-netty-httpserver.jar:na]
	at org.jboss.netty.channel.SimpleChannelUpstreamHandler.handleUpstream(SimpleChannelUpstreamHandler.java:80) [netty-3.2.10.Final.jar:3.2.10.Final]
	at org.jboss.netty.channel.DefaultChannelPipeline.sendUpstream(DefaultChannelPipeline.java:564) [netty-3.2.10.Final.jar:3.2.10.Final]
	at org.jboss.netty.channel.DefaultChannelPipeline$DefaultChannelHandlerContext.sendUpstream(DefaultChannelPipeline.java:783) [netty-3.2.10.Final.jar:3.2.10.Final]
	at org.jboss.netty.handler.execution.ChannelEventRunnable.run(ChannelEventRunnable.java:69) [netty-3.2.10.Final.jar:3.2.10.Final]
	at org.jboss.netty.handler.execution.OrderedMemoryAwareThreadPoolExecutor$ChildExecutor.run(OrderedMemoryAwareThreadPoolExecutor.java:316) [netty-3.2.10.Final.jar:3.2.10.Final]
	at java.util.concurrent.ThreadPoolExecutor.runWorker(ThreadPoolExecutor.java:1142) [na:1.8.0_31]
	at java.util.concurrent.ThreadPoolExecutor$Worker.run(ThreadPoolExecutor.java:617) [na:1.8.0_31]
	at java.lang.Thread.run(Thread.java:745) [na:1.8.0_31]
50:42|serverError     :WifiRequestCmd-49a314fc/0:0:0:0:0:0:0:1:58534
java.lang.NullPointerException: null
	at com.jyy.cmd.WifiRequestCmd.process(WifiRequestCmd.java:58) ~[classes/:na]
	at sun.reflect.NativeMethodAccessorImpl.invoke0(Native Method) ~[na:1.8.0_31]
	at sun.reflect.NativeMethodAccessorImpl.invoke(NativeMethodAccessorImpl.java:62) ~[na:1.8.0_31]
	at sun.reflect.DelegatingMethodAccessorImpl.invoke(DelegatingMethodAccessorImpl.java:43) ~[na:1.8.0_31]
	at java.lang.reflect.Method.invoke(Method.java:483) ~[na:1.8.0_31]
	at com.xunlei.netty.httpserver.component.CmdMapperDispatcher._dispatch(CmdMapperDispatcher.java:60) ~[xl-netty-httpserver.jar:na]
	at com.xunlei.netty.httpserver.component.CmdMapperDispatcher.dispatch(CmdMapperDispatcher.java:71) ~[xl-netty-httpserver.jar:na]
	at com.xunlei.netty.httpserver.component.BasePageDispatcher.messageReceived(BasePageDispatcher.java:133) [xl-netty-httpserver.jar:na]
	at org.jboss.netty.channel.SimpleChannelUpstreamHandler.handleUpstream(SimpleChannelUpstreamHandler.java:80) [netty-3.2.10.Final.jar:3.2.10.Final]
	at org.jboss.netty.channel.DefaultChannelPipeline.sendUpstream(DefaultChannelPipeline.java:564) [netty-3.2.10.Final.jar:3.2.10.Final]
	at org.jboss.netty.channel.DefaultChannelPipeline$DefaultChannelHandlerContext.sendUpstream(DefaultChannelPipeline.java:783) [netty-3.2.10.Final.jar:3.2.10.Final]
	at org.jboss.netty.handler.execution.ChannelEventRunnable.run(ChannelEventRunnable.java:69) [netty-3.2.10.Final.jar:3.2.10.Final]
	at org.jboss.netty.handler.execution.OrderedMemoryAwareThreadPoolExecutor$ChildExecutor.run(OrderedMemoryAwareThreadPoolExecutor.java:316) [netty-3.2.10.Final.jar:3.2.10.Final]
	at java.util.concurrent.ThreadPoolExecutor.runWorker(ThreadPoolExecutor.java:1142) [na:1.8.0_31]
	at java.util.concurrent.ThreadPoolExecutor$Worker.run(ThreadPoolExecutor.java:617) [na:1.8.0_31]
	at java.lang.Thread.run(Thread.java:745) [na:1.8.0_31]
50:43|serverError     :WifiRequestCmd-1ad6884c/0:0:0:0:0:0:0:1:58534
java.lang.NullPointerException: null
	at com.jyy.cmd.WifiRequestCmd.process(WifiRequestCmd.java:58) ~[classes/:na]
	at sun.reflect.GeneratedMethodAccessor4.invoke(Unknown Source) ~[na:na]
	at sun.reflect.DelegatingMethodAccessorImpl.invoke(DelegatingMethodAccessorImpl.java:43) ~[na:1.8.0_31]
	at java.lang.reflect.Method.invoke(Method.java:483) ~[na:1.8.0_31]
	at com.xunlei.netty.httpserver.component.CmdMapperDispatcher._dispatch(CmdMapperDispatcher.java:60) ~[xl-netty-httpserver.jar:na]
	at com.xunlei.netty.httpserver.component.CmdMapperDispatcher.dispatch(CmdMapperDispatcher.java:71) ~[xl-netty-httpserver.jar:na]
	at com.xunlei.netty.httpserver.component.BasePageDispatcher.messageReceived(BasePageDispatcher.java:133) [xl-netty-httpserver.jar:na]
	at org.jboss.netty.channel.SimpleChannelUpstreamHandler.handleUpstream(SimpleChannelUpstreamHandler.java:80) [netty-3.2.10.Final.jar:3.2.10.Final]
	at org.jboss.netty.channel.DefaultChannelPipeline.sendUpstream(DefaultChannelPipeline.java:564) [netty-3.2.10.Final.jar:3.2.10.Final]
	at org.jboss.netty.channel.DefaultChannelPipeline$DefaultChannelHandlerContext.sendUpstream(DefaultChannelPipeline.java:783) [netty-3.2.10.Final.jar:3.2.10.Final]
	at org.jboss.netty.handler.execution.ChannelEventRunnable.run(ChannelEventRunnable.java:69) [netty-3.2.10.Final.jar:3.2.10.Final]
	at org.jboss.netty.handler.execution.OrderedMemoryAwareThreadPoolExecutor$ChildExecutor.run(OrderedMemoryAwareThreadPoolExecutor.java:316) [netty-3.2.10.Final.jar:3.2.10.Final]
	at java.util.concurrent.ThreadPoolExecutor.runWorker(ThreadPoolExecutor.java:1142) [na:1.8.0_31]
	at java.util.concurrent.ThreadPoolExecutor$Worker.run(ThreadPoolExecutor.java:617) [na:1.8.0_31]
	at java.lang.Thread.run(Thread.java:745) [na:1.8.0_31]
50:46|serverError     :WifiRequestCmd-6351eed4/0:0:0:0:0:0:0:1:58534
java.lang.NullPointerException: null
	at com.jyy.cmd.WifiRequestCmd.process(WifiRequestCmd.java:58) ~[classes/:na]
	at sun.reflect.GeneratedMethodAccessor4.invoke(Unknown Source) ~[na:na]
	at sun.reflect.DelegatingMethodAccessorImpl.invoke(DelegatingMethodAccessorImpl.java:43) ~[na:1.8.0_31]
	at java.lang.reflect.Method.invoke(Method.java:483) ~[na:1.8.0_31]
	at com.xunlei.netty.httpserver.component.CmdMapperDispatcher._dispatch(CmdMapperDispatcher.java:60) ~[xl-netty-httpserver.jar:na]
	at com.xunlei.netty.httpserver.component.CmdMapperDispatcher.dispatch(CmdMapperDispatcher.java:71) ~[xl-netty-httpserver.jar:na]
	at com.xunlei.netty.httpserver.component.BasePageDispatcher.messageReceived(BasePageDispatcher.java:133) [xl-netty-httpserver.jar:na]
	at org.jboss.netty.channel.SimpleChannelUpstreamHandler.handleUpstream(SimpleChannelUpstreamHandler.java:80) [netty-3.2.10.Final.jar:3.2.10.Final]
	at org.jboss.netty.channel.DefaultChannelPipeline.sendUpstream(DefaultChannelPipeline.java:564) [netty-3.2.10.Final.jar:3.2.10.Final]
	at org.jboss.netty.channel.DefaultChannelPipeline$DefaultChannelHandlerContext.sendUpstream(DefaultChannelPipeline.java:783) [netty-3.2.10.Final.jar:3.2.10.Final]
	at org.jboss.netty.handler.execution.ChannelEventRunnable.run(ChannelEventRunnable.java:69) [netty-3.2.10.Final.jar:3.2.10.Final]
	at org.jboss.netty.handler.execution.OrderedMemoryAwareThreadPoolExecutor$ChildExecutor.run(OrderedMemoryAwareThreadPoolExecutor.java:316) [netty-3.2.10.Final.jar:3.2.10.Final]
	at java.util.concurrent.ThreadPoolExecutor.runWorker(ThreadPoolExecutor.java:1142) [na:1.8.0_31]
	at java.util.concurrent.ThreadPoolExecutor$Worker.run(ThreadPoolExecutor.java:617) [na:1.8.0_31]
	at java.lang.Thread.run(Thread.java:745) [na:1.8.0_31]
50:46|serverError     :WifiRequestCmd-1c47077f/0:0:0:0:0:0:0:1:58534
java.lang.NullPointerException: null
	at com.jyy.cmd.WifiRequestCmd.process(WifiRequestCmd.java:58) ~[classes/:na]
	at sun.reflect.GeneratedMethodAccessor4.invoke(Unknown Source) ~[na:na]
	at sun.reflect.DelegatingMethodAccessorImpl.invoke(DelegatingMethodAccessorImpl.java:43) ~[na:1.8.0_31]
	at java.lang.reflect.Method.invoke(Method.java:483) ~[na:1.8.0_31]
	at com.xunlei.netty.httpserver.component.CmdMapperDispatcher._dispatch(CmdMapperDispatcher.java:60) ~[xl-netty-httpserver.jar:na]
	at com.xunlei.netty.httpserver.component.CmdMapperDispatcher.dispatch(CmdMapperDispatcher.java:71) ~[xl-netty-httpserver.jar:na]
	at com.xunlei.netty.httpserver.component.BasePageDispatcher.messageReceived(BasePageDispatcher.java:133) [xl-netty-httpserver.jar:na]
	at org.jboss.netty.channel.SimpleChannelUpstreamHandler.handleUpstream(SimpleChannelUpstreamHandler.java:80) [netty-3.2.10.Final.jar:3.2.10.Final]
	at org.jboss.netty.channel.DefaultChannelPipeline.sendUpstream(DefaultChannelPipeline.java:564) [netty-3.2.10.Final.jar:3.2.10.Final]
	at org.jboss.netty.channel.DefaultChannelPipeline$DefaultChannelHandlerContext.sendUpstream(DefaultChannelPipeline.java:783) [netty-3.2.10.Final.jar:3.2.10.Final]
	at org.jboss.netty.handler.execution.ChannelEventRunnable.run(ChannelEventRunnable.java:69) [netty-3.2.10.Final.jar:3.2.10.Final]
	at org.jboss.netty.handler.execution.OrderedMemoryAwareThreadPoolExecutor$ChildExecutor.run(OrderedMemoryAwareThreadPoolExecutor.java:316) [netty-3.2.10.Final.jar:3.2.10.Final]
	at java.util.concurrent.ThreadPoolExecutor.runWorker(ThreadPoolExecutor.java:1142) [na:1.8.0_31]
	at java.util.concurrent.ThreadPoolExecutor$Worker.run(ThreadPoolExecutor.java:617) [na:1.8.0_31]
	at java.lang.Thread.run(Thread.java:745) [na:1.8.0_31]
50:47|serverError     :WifiRequestCmd-fc094aa/0:0:0:0:0:0:0:1:58534
java.lang.NullPointerException: null
	at com.jyy.cmd.WifiRequestCmd.process(WifiRequestCmd.java:58) ~[classes/:na]
	at sun.reflect.GeneratedMethodAccessor4.invoke(Unknown Source) ~[na:na]
	at sun.reflect.DelegatingMethodAccessorImpl.invoke(DelegatingMethodAccessorImpl.java:43) ~[na:1.8.0_31]
	at java.lang.reflect.Method.invoke(Method.java:483) ~[na:1.8.0_31]
	at com.xunlei.netty.httpserver.component.CmdMapperDispatcher._dispatch(CmdMapperDispatcher.java:60) ~[xl-netty-httpserver.jar:na]
	at com.xunlei.netty.httpserver.component.CmdMapperDispatcher.dispatch(CmdMapperDispatcher.java:71) ~[xl-netty-httpserver.jar:na]
	at com.xunlei.netty.httpserver.component.BasePageDispatcher.messageReceived(BasePageDispatcher.java:133) [xl-netty-httpserver.jar:na]
	at org.jboss.netty.channel.SimpleChannelUpstreamHandler.handleUpstream(SimpleChannelUpstreamHandler.java:80) [netty-3.2.10.Final.jar:3.2.10.Final]
	at org.jboss.netty.channel.DefaultChannelPipeline.sendUpstream(DefaultChannelPipeline.java:564) [netty-3.2.10.Final.jar:3.2.10.Final]
	at org.jboss.netty.channel.DefaultChannelPipeline$DefaultChannelHandlerContext.sendUpstream(DefaultChannelPipeline.java:783) [netty-3.2.10.Final.jar:3.2.10.Final]
	at org.jboss.netty.handler.execution.ChannelEventRunnable.run(ChannelEventRunnable.java:69) [netty-3.2.10.Final.jar:3.2.10.Final]
	at org.jboss.netty.handler.execution.OrderedMemoryAwareThreadPoolExecutor$ChildExecutor.run(OrderedMemoryAwareThreadPoolExecutor.java:316) [netty-3.2.10.Final.jar:3.2.10.Final]
	at java.util.concurrent.ThreadPoolExecutor.runWorker(ThreadPoolExecutor.java:1142) [na:1.8.0_31]
	at java.util.concurrent.ThreadPoolExecutor$Worker.run(ThreadPoolExecutor.java:617) [na:1.8.0_31]
	at java.lang.Thread.run(Thread.java:745) [na:1.8.0_31]
50:47|serverError     :WifiRequestCmd-15a0e7ca/0:0:0:0:0:0:0:1:58534
java.lang.NullPointerException: null
	at com.jyy.cmd.WifiRequestCmd.process(WifiRequestCmd.java:58) ~[classes/:na]
	at sun.reflect.GeneratedMethodAccessor4.invoke(Unknown Source) ~[na:na]
	at sun.reflect.DelegatingMethodAccessorImpl.invoke(DelegatingMethodAccessorImpl.java:43) ~[na:1.8.0_31]
	at java.lang.reflect.Method.invoke(Method.java:483) ~[na:1.8.0_31]
	at com.xunlei.netty.httpserver.component.CmdMapperDispatcher._dispatch(CmdMapperDispatcher.java:60) ~[xl-netty-httpserver.jar:na]
	at com.xunlei.netty.httpserver.component.CmdMapperDispatcher.dispatch(CmdMapperDispatcher.java:71) ~[xl-netty-httpserver.jar:na]
	at com.xunlei.netty.httpserver.component.BasePageDispatcher.messageReceived(BasePageDispatcher.java:133) [xl-netty-httpserver.jar:na]
	at org.jboss.netty.channel.SimpleChannelUpstreamHandler.handleUpstream(SimpleChannelUpstreamHandler.java:80) [netty-3.2.10.Final.jar:3.2.10.Final]
	at org.jboss.netty.channel.DefaultChannelPipeline.sendUpstream(DefaultChannelPipeline.java:564) [netty-3.2.10.Final.jar:3.2.10.Final]
	at org.jboss.netty.channel.DefaultChannelPipeline$DefaultChannelHandlerContext.sendUpstream(DefaultChannelPipeline.java:783) [netty-3.2.10.Final.jar:3.2.10.Final]
	at org.jboss.netty.handler.execution.ChannelEventRunnable.run(ChannelEventRunnable.java:69) [netty-3.2.10.Final.jar:3.2.10.Final]
	at org.jboss.netty.handler.execution.OrderedMemoryAwareThreadPoolExecutor$ChildExecutor.run(OrderedMemoryAwareThreadPoolExecutor.java:316) [netty-3.2.10.Final.jar:3.2.10.Final]
	at java.util.concurrent.ThreadPoolExecutor.runWorker(ThreadPoolExecutor.java:1142) [na:1.8.0_31]
	at java.util.concurrent.ThreadPoolExecutor$Worker.run(ThreadPoolExecutor.java:617) [na:1.8.0_31]
	at java.lang.Thread.run(Thread.java:745) [na:1.8.0_31]
50:47|serverError     :WifiRequestCmd-3cbf784b/0:0:0:0:0:0:0:1:58534
java.lang.NullPointerException: null
	at com.jyy.cmd.WifiRequestCmd.process(WifiRequestCmd.java:58) ~[classes/:na]
	at sun.reflect.GeneratedMethodAccessor4.invoke(Unknown Source) ~[na:na]
	at sun.reflect.DelegatingMethodAccessorImpl.invoke(DelegatingMethodAccessorImpl.java:43) ~[na:1.8.0_31]
	at java.lang.reflect.Method.invoke(Method.java:483) ~[na:1.8.0_31]
	at com.xunlei.netty.httpserver.component.CmdMapperDispatcher._dispatch(CmdMapperDispatcher.java:60) ~[xl-netty-httpserver.jar:na]
	at com.xunlei.netty.httpserver.component.CmdMapperDispatcher.dispatch(CmdMapperDispatcher.java:71) ~[xl-netty-httpserver.jar:na]
	at com.xunlei.netty.httpserver.component.BasePageDispatcher.messageReceived(BasePageDispatcher.java:133) [xl-netty-httpserver.jar:na]
	at org.jboss.netty.channel.SimpleChannelUpstreamHandler.handleUpstream(SimpleChannelUpstreamHandler.java:80) [netty-3.2.10.Final.jar:3.2.10.Final]
	at org.jboss.netty.channel.DefaultChannelPipeline.sendUpstream(DefaultChannelPipeline.java:564) [netty-3.2.10.Final.jar:3.2.10.Final]
	at org.jboss.netty.channel.DefaultChannelPipeline$DefaultChannelHandlerContext.sendUpstream(DefaultChannelPipeline.java:783) [netty-3.2.10.Final.jar:3.2.10.Final]
	at org.jboss.netty.handler.execution.ChannelEventRunnable.run(ChannelEventRunnable.java:69) [netty-3.2.10.Final.jar:3.2.10.Final]
	at org.jboss.netty.handler.execution.OrderedMemoryAwareThreadPoolExecutor$ChildExecutor.run(OrderedMemoryAwareThreadPoolExecutor.java:316) [netty-3.2.10.Final.jar:3.2.10.Final]
	at java.util.concurrent.ThreadPoolExecutor.runWorker(ThreadPoolExecutor.java:1142) [na:1.8.0_31]
	at java.util.concurrent.ThreadPoolExecutor$Worker.run(ThreadPoolExecutor.java:617) [na:1.8.0_31]
	at java.lang.Thread.run(Thread.java:745) [na:1.8.0_31]
50:48|serverError     :WifiRequestCmd-2138c53c/0:0:0:0:0:0:0:1:58534
java.lang.NullPointerException: null
	at com.jyy.cmd.WifiRequestCmd.process(WifiRequestCmd.java:58) ~[classes/:na]
	at sun.reflect.GeneratedMethodAccessor4.invoke(Unknown Source) ~[na:na]
	at sun.reflect.DelegatingMethodAccessorImpl.invoke(DelegatingMethodAccessorImpl.java:43) ~[na:1.8.0_31]
	at java.lang.reflect.Method.invoke(Method.java:483) ~[na:1.8.0_31]
	at com.xunlei.netty.httpserver.component.CmdMapperDispatcher._dispatch(CmdMapperDispatcher.java:60) ~[xl-netty-httpserver.jar:na]
	at com.xunlei.netty.httpserver.component.CmdMapperDispatcher.dispatch(CmdMapperDispatcher.java:71) ~[xl-netty-httpserver.jar:na]
	at com.xunlei.netty.httpserver.component.BasePageDispatcher.messageReceived(BasePageDispatcher.java:133) [xl-netty-httpserver.jar:na]
	at org.jboss.netty.channel.SimpleChannelUpstreamHandler.handleUpstream(SimpleChannelUpstreamHandler.java:80) [netty-3.2.10.Final.jar:3.2.10.Final]
	at org.jboss.netty.channel.DefaultChannelPipeline.sendUpstream(DefaultChannelPipeline.java:564) [netty-3.2.10.Final.jar:3.2.10.Final]
	at org.jboss.netty.channel.DefaultChannelPipeline$DefaultChannelHandlerContext.sendUpstream(DefaultChannelPipeline.java:783) [netty-3.2.10.Final.jar:3.2.10.Final]
	at org.jboss.netty.handler.execution.ChannelEventRunnable.run(ChannelEventRunnable.java:69) [netty-3.2.10.Final.jar:3.2.10.Final]
	at org.jboss.netty.handler.execution.OrderedMemoryAwareThreadPoolExecutor$ChildExecutor.run(OrderedMemoryAwareThreadPoolExecutor.java:316) [netty-3.2.10.Final.jar:3.2.10.Final]
	at java.util.concurrent.ThreadPoolExecutor.runWorker(ThreadPoolExecutor.java:1142) [na:1.8.0_31]
	at java.util.concurrent.ThreadPoolExecutor$Worker.run(ThreadPoolExecutor.java:617) [na:1.8.0_31]
	at java.lang.Thread.run(Thread.java:745) [na:1.8.0_31]
50:49|serverError     :WifiRequestCmd-58e86c2a/0:0:0:0:0:0:0:1:58534
java.lang.NullPointerException: null
	at com.jyy.cmd.WifiRequestCmd.process(WifiRequestCmd.java:58) ~[classes/:na]
	at sun.reflect.GeneratedMethodAccessor4.invoke(Unknown Source) ~[na:na]
	at sun.reflect.DelegatingMethodAccessorImpl.invoke(DelegatingMethodAccessorImpl.java:43) ~[na:1.8.0_31]
	at java.lang.reflect.Method.invoke(Method.java:483) ~[na:1.8.0_31]
	at com.xunlei.netty.httpserver.component.CmdMapperDispatcher._dispatch(CmdMapperDispatcher.java:60) ~[xl-netty-httpserver.jar:na]
	at com.xunlei.netty.httpserver.component.CmdMapperDispatcher.dispatch(CmdMapperDispatcher.java:71) ~[xl-netty-httpserver.jar:na]
	at com.xunlei.netty.httpserver.component.BasePageDispatcher.messageReceived(BasePageDispatcher.java:133) [xl-netty-httpserver.jar:na]
	at org.jboss.netty.channel.SimpleChannelUpstreamHandler.handleUpstream(SimpleChannelUpstreamHandler.java:80) [netty-3.2.10.Final.jar:3.2.10.Final]
	at org.jboss.netty.channel.DefaultChannelPipeline.sendUpstream(DefaultChannelPipeline.java:564) [netty-3.2.10.Final.jar:3.2.10.Final]
	at org.jboss.netty.channel.DefaultChannelPipeline$DefaultChannelHandlerContext.sendUpstream(DefaultChannelPipeline.java:783) [netty-3.2.10.Final.jar:3.2.10.Final]
	at org.jboss.netty.handler.execution.ChannelEventRunnable.run(ChannelEventRunnable.java:69) [netty-3.2.10.Final.jar:3.2.10.Final]
	at org.jboss.netty.handler.execution.OrderedMemoryAwareThreadPoolExecutor$ChildExecutor.run(OrderedMemoryAwareThreadPoolExecutor.java:316) [netty-3.2.10.Final.jar:3.2.10.Final]
	at java.util.concurrent.ThreadPoolExecutor.runWorker(ThreadPoolExecutor.java:1142) [na:1.8.0_31]
	at java.util.concurrent.ThreadPoolExecutor$Worker.run(ThreadPoolExecutor.java:617) [na:1.8.0_31]
	at java.lang.Thread.run(Thread.java:745) [na:1.8.0_31]
50:51|serverError     :WifiRequestCmd-145ec27b/0:0:0:0:0:0:0:1:58534
java.lang.NullPointerException: null
	at com.jyy.cmd.WifiRequestCmd.process(WifiRequestCmd.java:58) ~[classes/:na]
	at sun.reflect.GeneratedMethodAccessor4.invoke(Unknown Source) ~[na:na]
	at sun.reflect.DelegatingMethodAccessorImpl.invoke(DelegatingMethodAccessorImpl.java:43) ~[na:1.8.0_31]
	at java.lang.reflect.Method.invoke(Method.java:483) ~[na:1.8.0_31]
	at com.xunlei.netty.httpserver.component.CmdMapperDispatcher._dispatch(CmdMapperDispatcher.java:60) ~[xl-netty-httpserver.jar:na]
	at com.xunlei.netty.httpserver.component.CmdMapperDispatcher.dispatch(CmdMapperDispatcher.java:71) ~[xl-netty-httpserver.jar:na]
	at com.xunlei.netty.httpserver.component.BasePageDispatcher.messageReceived(BasePageDispatcher.java:133) [xl-netty-httpserver.jar:na]
	at org.jboss.netty.channel.SimpleChannelUpstreamHandler.handleUpstream(SimpleChannelUpstreamHandler.java:80) [netty-3.2.10.Final.jar:3.2.10.Final]
	at org.jboss.netty.channel.DefaultChannelPipeline.sendUpstream(DefaultChannelPipeline.java:564) [netty-3.2.10.Final.jar:3.2.10.Final]
	at org.jboss.netty.channel.DefaultChannelPipeline$DefaultChannelHandlerContext.sendUpstream(DefaultChannelPipeline.java:783) [netty-3.2.10.Final.jar:3.2.10.Final]
	at org.jboss.netty.handler.execution.ChannelEventRunnable.run(ChannelEventRunnable.java:69) [netty-3.2.10.Final.jar:3.2.10.Final]
	at org.jboss.netty.handler.execution.OrderedMemoryAwareThreadPoolExecutor$ChildExecutor.run(OrderedMemoryAwareThreadPoolExecutor.java:316) [netty-3.2.10.Final.jar:3.2.10.Final]
	at java.util.concurrent.ThreadPoolExecutor.runWorker(ThreadPoolExecutor.java:1142) [na:1.8.0_31]
	at java.util.concurrent.ThreadPoolExecutor$Worker.run(ThreadPoolExecutor.java:617) [na:1.8.0_31]
	at java.lang.Thread.run(Thread.java:745) [na:1.8.0_31]
50:52|serverError     :WifiRequestCmd-28613aa8/0:0:0:0:0:0:0:1:58534
java.lang.NullPointerException: null
	at com.jyy.cmd.WifiRequestCmd.process(WifiRequestCmd.java:58) ~[classes/:na]
	at sun.reflect.GeneratedMethodAccessor4.invoke(Unknown Source) ~[na:na]
	at sun.reflect.DelegatingMethodAccessorImpl.invoke(DelegatingMethodAccessorImpl.java:43) ~[na:1.8.0_31]
	at java.lang.reflect.Method.invoke(Method.java:483) ~[na:1.8.0_31]
	at com.xunlei.netty.httpserver.component.CmdMapperDispatcher._dispatch(CmdMapperDispatcher.java:60) ~[xl-netty-httpserver.jar:na]
	at com.xunlei.netty.httpserver.component.CmdMapperDispatcher.dispatch(CmdMapperDispatcher.java:71) ~[xl-netty-httpserver.jar:na]
	at com.xunlei.netty.httpserver.component.BasePageDispatcher.messageReceived(BasePageDispatcher.java:133) [xl-netty-httpserver.jar:na]
	at org.jboss.netty.channel.SimpleChannelUpstreamHandler.handleUpstream(SimpleChannelUpstreamHandler.java:80) [netty-3.2.10.Final.jar:3.2.10.Final]
	at org.jboss.netty.channel.DefaultChannelPipeline.sendUpstream(DefaultChannelPipeline.java:564) [netty-3.2.10.Final.jar:3.2.10.Final]
	at org.jboss.netty.channel.DefaultChannelPipeline$DefaultChannelHandlerContext.sendUpstream(DefaultChannelPipeline.java:783) [netty-3.2.10.Final.jar:3.2.10.Final]
	at org.jboss.netty.handler.execution.ChannelEventRunnable.run(ChannelEventRunnable.java:69) [netty-3.2.10.Final.jar:3.2.10.Final]
	at org.jboss.netty.handler.execution.OrderedMemoryAwareThreadPoolExecutor$ChildExecutor.run(OrderedMemoryAwareThreadPoolExecutor.java:316) [netty-3.2.10.Final.jar:3.2.10.Final]
	at java.util.concurrent.ThreadPoolExecutor.runWorker(ThreadPoolExecutor.java:1142) [na:1.8.0_31]
	at java.util.concurrent.ThreadPoolExecutor$Worker.run(ThreadPoolExecutor.java:617) [na:1.8.0_31]
	at java.lang.Thread.run(Thread.java:745) [na:1.8.0_31]
51:58|AUTO_MAP:		{/echo=EchoCmd, /logger/list=LoggerCmd.list, /logger/status=LoggerCmd.status, /logger/setLevel=LoggerCmd.setLevel, /logger/listAll=LoggerCmd.listAll, /logger/statusHtml=LoggerCmd.statusHtml, /setting/config=SettingCmd.config, /setting/resetGuardedConfig=SettingCmd.resetGuardedConfig, /setting/resetStat=SettingCmd.resetStat, /setting/setConfig=SettingCmd.setConfig, /setting/reloadIpfilter=SettingCmd.reloadIpfilter, /setting/activeIpfilter=SettingCmd.activeIpfilter, /setting/cmds=SettingCmd.cmds, /setting/robots=SettingCmd.robots, /setting/configHistory=SettingCmd.configHistory, /setting/httpServerConfig=SettingCmd.httpServerConfig, /setting/reloadConfig=SettingCmd.reloadConfig, /setting/reloadCmdConfig=SettingCmd.reloadCmdConfig, /shell=ShellCmd, /shutdown=ShutdownCmd, /stat/threads=StatCmd.threads, /stat/nioworkers=StatCmd.nioworkers, /stat/nioworkersAll=StatCmd.nioworkersAll, /stat/tps=StatCmd.tps, /stat=StatCmd, /admin/load=AdminCmd.load, /wifiCount=WifiCountCmd, /wifiRequest=WifiRequestCmd}
51:58|AUTO_EXPAND_MAP:	{/logger=LoggerCmd, /setting=SettingCmd, /admin=AdminCmd}
51:58|ANNOTATION_MAP:		{/wificount=WifiCountCmd, /wifirequest=WifiRequestCmd, /robots.txt=SettingCmd.robots, /reload=AdminCmd.load}
51:58|Can't find bundle for base name cmdmapper, locale en
51:58|CONFIG_MAP:		{}
51:58|CurrentPipelineMap[4]:{decoder=com.xunlei.netty.httpserver.component.XLHttpRequestDecoder@306cf3ea, encoder=com.xunlei.netty.httpserver.component.XLHttpResponseEncoder@2beee7ff, executor=org.jboss.netty.handler.execution.ExecutionHandler@5136d012, pageDispatcher=com.xunlei.netty.httpserver.component.CmdMapperDispatcher@5939a379}
51:58|HTTPServer(port[9090],workerCount[8]) Start OK.[2747MS]
52:12|serverError     :WifiRequestCmd-1a1585e7/0:0:0:0:0:0:0:1:58542
java.lang.NullPointerException: null
	at com.jyy.cmd.WifiRequestCmd.process(WifiRequestCmd.java:58) ~[classes/:na]
	at sun.reflect.NativeMethodAccessorImpl.invoke0(Native Method) ~[na:1.8.0_31]
	at sun.reflect.NativeMethodAccessorImpl.invoke(NativeMethodAccessorImpl.java:62) ~[na:1.8.0_31]
	at sun.reflect.DelegatingMethodAccessorImpl.invoke(DelegatingMethodAccessorImpl.java:43) ~[na:1.8.0_31]
	at java.lang.reflect.Method.invoke(Method.java:483) ~[na:1.8.0_31]
	at com.xunlei.netty.httpserver.component.CmdMapperDispatcher._dispatch(CmdMapperDispatcher.java:60) ~[xl-netty-httpserver.jar:na]
	at com.xunlei.netty.httpserver.component.CmdMapperDispatcher.dispatch(CmdMapperDispatcher.java:71) ~[xl-netty-httpserver.jar:na]
	at com.xunlei.netty.httpserver.component.BasePageDispatcher.messageReceived(BasePageDispatcher.java:133) [xl-netty-httpserver.jar:na]
	at org.jboss.netty.channel.SimpleChannelUpstreamHandler.handleUpstream(SimpleChannelUpstreamHandler.java:80) [netty-3.2.10.Final.jar:3.2.10.Final]
	at org.jboss.netty.channel.DefaultChannelPipeline.sendUpstream(DefaultChannelPipeline.java:564) [netty-3.2.10.Final.jar:3.2.10.Final]
	at org.jboss.netty.channel.DefaultChannelPipeline$DefaultChannelHandlerContext.sendUpstream(DefaultChannelPipeline.java:783) [netty-3.2.10.Final.jar:3.2.10.Final]
	at org.jboss.netty.handler.execution.ChannelEventRunnable.run(ChannelEventRunnable.java:69) [netty-3.2.10.Final.jar:3.2.10.Final]
	at org.jboss.netty.handler.execution.OrderedMemoryAwareThreadPoolExecutor$ChildExecutor.run(OrderedMemoryAwareThreadPoolExecutor.java:316) [netty-3.2.10.Final.jar:3.2.10.Final]
	at java.util.concurrent.ThreadPoolExecutor.runWorker(ThreadPoolExecutor.java:1142) [na:1.8.0_31]
	at java.util.concurrent.ThreadPoolExecutor$Worker.run(ThreadPoolExecutor.java:617) [na:1.8.0_31]
	at java.lang.Thread.run(Thread.java:745) [na:1.8.0_31]
52:13|serverError     :WifiRequestCmd-23f20c8b/0:0:0:0:0:0:0:1:58542
java.lang.NullPointerException: null
	at com.jyy.cmd.WifiRequestCmd.process(WifiRequestCmd.java:58) ~[classes/:na]
	at sun.reflect.NativeMethodAccessorImpl.invoke0(Native Method) ~[na:1.8.0_31]
	at sun.reflect.NativeMethodAccessorImpl.invoke(NativeMethodAccessorImpl.java:62) ~[na:1.8.0_31]
	at sun.reflect.DelegatingMethodAccessorImpl.invoke(DelegatingMethodAccessorImpl.java:43) ~[na:1.8.0_31]
	at java.lang.reflect.Method.invoke(Method.java:483) ~[na:1.8.0_31]
	at com.xunlei.netty.httpserver.component.CmdMapperDispatcher._dispatch(CmdMapperDispatcher.java:60) ~[xl-netty-httpserver.jar:na]
	at com.xunlei.netty.httpserver.component.CmdMapperDispatcher.dispatch(CmdMapperDispatcher.java:71) ~[xl-netty-httpserver.jar:na]
	at com.xunlei.netty.httpserver.component.BasePageDispatcher.messageReceived(BasePageDispatcher.java:133) [xl-netty-httpserver.jar:na]
	at org.jboss.netty.channel.SimpleChannelUpstreamHandler.handleUpstream(SimpleChannelUpstreamHandler.java:80) [netty-3.2.10.Final.jar:3.2.10.Final]
	at org.jboss.netty.channel.DefaultChannelPipeline.sendUpstream(DefaultChannelPipeline.java:564) [netty-3.2.10.Final.jar:3.2.10.Final]
	at org.jboss.netty.channel.DefaultChannelPipeline$DefaultChannelHandlerContext.sendUpstream(DefaultChannelPipeline.java:783) [netty-3.2.10.Final.jar:3.2.10.Final]
	at org.jboss.netty.handler.execution.ChannelEventRunnable.run(ChannelEventRunnable.java:69) [netty-3.2.10.Final.jar:3.2.10.Final]
	at org.jboss.netty.handler.execution.OrderedMemoryAwareThreadPoolExecutor$ChildExecutor.run(OrderedMemoryAwareThreadPoolExecutor.java:316) [netty-3.2.10.Final.jar:3.2.10.Final]
	at java.util.concurrent.ThreadPoolExecutor.runWorker(ThreadPoolExecutor.java:1142) [na:1.8.0_31]
	at java.util.concurrent.ThreadPoolExecutor$Worker.run(ThreadPoolExecutor.java:617) [na:1.8.0_31]
	at java.lang.Thread.run(Thread.java:745) [na:1.8.0_31]
52:13|serverError     :WifiRequestCmd-1c501035/0:0:0:0:0:0:0:1:58542
java.lang.NullPointerException: null
	at com.jyy.cmd.WifiRequestCmd.process(WifiRequestCmd.java:58) ~[classes/:na]
	at sun.reflect.NativeMethodAccessorImpl.invoke0(Native Method) ~[na:1.8.0_31]
	at sun.reflect.NativeMethodAccessorImpl.invoke(NativeMethodAccessorImpl.java:62) ~[na:1.8.0_31]
	at sun.reflect.DelegatingMethodAccessorImpl.invoke(DelegatingMethodAccessorImpl.java:43) ~[na:1.8.0_31]
	at java.lang.reflect.Method.invoke(Method.java:483) ~[na:1.8.0_31]
	at com.xunlei.netty.httpserver.component.CmdMapperDispatcher._dispatch(CmdMapperDispatcher.java:60) ~[xl-netty-httpserver.jar:na]
	at com.xunlei.netty.httpserver.component.CmdMapperDispatcher.dispatch(CmdMapperDispatcher.java:71) ~[xl-netty-httpserver.jar:na]
	at com.xunlei.netty.httpserver.component.BasePageDispatcher.messageReceived(BasePageDispatcher.java:133) [xl-netty-httpserver.jar:na]
	at org.jboss.netty.channel.SimpleChannelUpstreamHandler.handleUpstream(SimpleChannelUpstreamHandler.java:80) [netty-3.2.10.Final.jar:3.2.10.Final]
	at org.jboss.netty.channel.DefaultChannelPipeline.sendUpstream(DefaultChannelPipeline.java:564) [netty-3.2.10.Final.jar:3.2.10.Final]
	at org.jboss.netty.channel.DefaultChannelPipeline$DefaultChannelHandlerContext.sendUpstream(DefaultChannelPipeline.java:783) [netty-3.2.10.Final.jar:3.2.10.Final]
	at org.jboss.netty.handler.execution.ChannelEventRunnable.run(ChannelEventRunnable.java:69) [netty-3.2.10.Final.jar:3.2.10.Final]
	at org.jboss.netty.handler.execution.OrderedMemoryAwareThreadPoolExecutor$ChildExecutor.run(OrderedMemoryAwareThreadPoolExecutor.java:316) [netty-3.2.10.Final.jar:3.2.10.Final]
	at java.util.concurrent.ThreadPoolExecutor.runWorker(ThreadPoolExecutor.java:1142) [na:1.8.0_31]
	at java.util.concurrent.ThreadPoolExecutor$Worker.run(ThreadPoolExecutor.java:617) [na:1.8.0_31]
	at java.lang.Thread.run(Thread.java:745) [na:1.8.0_31]
53:43|AUTO_MAP:		{/echo=EchoCmd, /logger/list=LoggerCmd.list, /logger/status=LoggerCmd.status, /logger/setLevel=LoggerCmd.setLevel, /logger/listAll=LoggerCmd.listAll, /logger/statusHtml=LoggerCmd.statusHtml, /setting/robots=SettingCmd.robots, /setting/configHistory=SettingCmd.configHistory, /setting/httpServerConfig=SettingCmd.httpServerConfig, /setting/reloadConfig=SettingCmd.reloadConfig, /setting/reloadCmdConfig=SettingCmd.reloadCmdConfig, /setting/reloadIpfilter=SettingCmd.reloadIpfilter, /setting/activeIpfilter=SettingCmd.activeIpfilter, /setting/resetGuardedConfig=SettingCmd.resetGuardedConfig, /setting/resetStat=SettingCmd.resetStat, /setting/setConfig=SettingCmd.setConfig, /setting/config=SettingCmd.config, /setting/cmds=SettingCmd.cmds, /shell=ShellCmd, /shutdown=ShutdownCmd, /stat/threads=StatCmd.threads, /stat/nioworkers=StatCmd.nioworkers, /stat/nioworkersAll=StatCmd.nioworkersAll, /stat/tps=StatCmd.tps, /stat=StatCmd, /admin/load=AdminCmd.load, /wifiCount=WifiCountCmd, /wifiRequest=WifiRequestCmd}
53:43|AUTO_EXPAND_MAP:	{/logger=LoggerCmd, /setting=SettingCmd, /admin=AdminCmd}
53:43|ANNOTATION_MAP:		{/wificount=WifiCountCmd, /wifirequest=WifiRequestCmd, /robots.txt=SettingCmd.robots, /reload=AdminCmd.load}
53:43|Can't find bundle for base name cmdmapper, locale en
53:43|CONFIG_MAP:		{}
53:44|CurrentPipelineMap[4]:{decoder=com.xunlei.netty.httpserver.component.XLHttpRequestDecoder@3fb1549b, encoder=com.xunlei.netty.httpserver.component.XLHttpResponseEncoder@ea6147e, executor=org.jboss.netty.handler.execution.ExecutionHandler@4d02f94e, pageDispatcher=com.xunlei.netty.httpserver.component.CmdMapperDispatcher@2b48a640}
53:44|HTTPServer(port[9090],workerCount[8]) Start OK.[464MS/3250MS]
